<?xml version="1.0" encoding="UTF-8"?>
<!-- Generated by org.testng.reporters.JUnitReportReporter -->
<testsuite hostname="LAPTOP-04QVV94T" failures="0" tests="2" name="runners.TestRunner" time="17.098" errors="0" timestamp="2025-04-16T16:49:11 SAST" skipped="0">
  <testcase classname="runners.TestRunner" name="runScenario" time="7.046"/>
  <testcase classname="runners.TestRunner" name="runScenario" time="10.052"/>
</testsuite> <!-- runners.TestRunner -->
